<?xml version="1.0" encoding="UTF-8"?>
<testsuite xmlns:xsi="http://www.w3.org/2001/XMLSchema-instance" xsi:noNamespaceSchemaLocation="https://maven.apache.org/surefire/maven-surefire-plugin/xsd/surefire-test-report.xsd" name="TestSuite" time="11.416" tests="6" errors="0" skipped="0" failures="0">
  <properties>
    <property name="sun.desktop" value="windows"/>
    <property name="awt.toolkit" value="sun.awt.windows.WToolkit"/>
    <property name="java.specification.version" value="11"/>
    <property name="sun.cpu.isalist" value="amd64"/>
    <property name="sun.jnu.encoding" value="Cp1252"/>
    <property name="java.class.path" value="C:\Users\owaiskhalid\Desktop\PayconiqFinal\spritecloud\target\test-classes;C:\Users\owaiskhalid\Desktop\PayconiqFinal\spritecloud\target\classes;C:\Users\owaiskhalid\.m2\repository\mysql\mysql-connector-java\5.1.38\mysql-connector-java-5.1.38.jar;C:\Users\owaiskhalid\.m2\repository\org\codehaus\groovy\groovy\3.0.0-alpha-4\groovy-3.0.0-alpha-4.jar;C:\Users\owaiskhalid\.m2\repository\org\codehaus\groovy\groovy-ant\3.0.0-alpha-4\groovy-ant-3.0.0-alpha-4.jar;C:\Users\owaiskhalid\.m2\repository\org\apache\ant\ant\1.10.5\ant-1.10.5.jar;C:\Users\owaiskhalid\.m2\repository\org\apache\ant\ant-junit\1.10.5\ant-junit-1.10.5.jar;C:\Users\owaiskhalid\.m2\repository\org\apache\ant\ant-launcher\1.10.5\ant-launcher-1.10.5.jar;C:\Users\owaiskhalid\.m2\repository\org\apache\ant\ant-antlr\1.10.5\ant-antlr-1.10.5.jar;C:\Users\owaiskhalid\.m2\repository\org\codehaus\groovy\groovy-cli-picocli\3.0.0-alpha-4\groovy-cli-picocli-3.0.0-alpha-4.jar;C:\Users\owaiskhalid\.m2\repository\info\picocli\picocli\3.8.2\picocli-3.8.2.jar;C:\Users\owaiskhalid\.m2\repository\org\codehaus\groovy\groovy-console\3.0.0-alpha-4\groovy-console-3.0.0-alpha-4.jar;C:\Users\owaiskhalid\.m2\repository\org\codehaus\groovy\groovy-datetime\3.0.0-alpha-4\groovy-datetime-3.0.0-alpha-4.jar;C:\Users\owaiskhalid\.m2\repository\org\codehaus\groovy\groovy-docgenerator\3.0.0-alpha-4\groovy-docgenerator-3.0.0-alpha-4.jar;C:\Users\owaiskhalid\.m2\repository\com\thoughtworks\qdox\qdox\1.12.1\qdox-1.12.1.jar;C:\Users\owaiskhalid\.m2\repository\org\codehaus\groovy\groovy-groovydoc\3.0.0-alpha-4\groovy-groovydoc-3.0.0-alpha-4.jar;C:\Users\owaiskhalid\.m2\repository\org\codehaus\groovy\groovy-groovysh\3.0.0-alpha-4\groovy-groovysh-3.0.0-alpha-4.jar;C:\Users\owaiskhalid\.m2\repository\jline\jline\2.14.6\jline-2.14.6.jar;C:\Users\owaiskhalid\.m2\repository\org\codehaus\groovy\groovy-jmx\3.0.0-alpha-4\groovy-jmx-3.0.0-alpha-4.jar;C:\Users\owaiskhalid\.m2\repository\org\codehaus\groovy\groovy-json\3.0.0-alpha-4\groovy-json-3.0.0-alpha-4.jar;C:\Users\owaiskhalid\.m2\repository\org\codehaus\groovy\groovy-jsr223\3.0.0-alpha-4\groovy-jsr223-3.0.0-alpha-4.jar;C:\Users\owaiskhalid\.m2\repository\org\codehaus\groovy\groovy-macro\3.0.0-alpha-4\groovy-macro-3.0.0-alpha-4.jar;C:\Users\owaiskhalid\.m2\repository\org\codehaus\groovy\groovy-nio\3.0.0-alpha-4\groovy-nio-3.0.0-alpha-4.jar;C:\Users\owaiskhalid\.m2\repository\org\codehaus\groovy\groovy-servlet\3.0.0-alpha-4\groovy-servlet-3.0.0-alpha-4.jar;C:\Users\owaiskhalid\.m2\repository\org\codehaus\groovy\groovy-sql\3.0.0-alpha-4\groovy-sql-3.0.0-alpha-4.jar;C:\Users\owaiskhalid\.m2\repository\org\codehaus\groovy\groovy-swing\3.0.0-alpha-4\groovy-swing-3.0.0-alpha-4.jar;C:\Users\owaiskhalid\.m2\repository\org\codehaus\groovy\groovy-templates\3.0.0-alpha-4\groovy-templates-3.0.0-alpha-4.jar;C:\Users\owaiskhalid\.m2\repository\org\codehaus\groovy\groovy-test\3.0.0-alpha-4\groovy-test-3.0.0-alpha-4.jar;C:\Users\owaiskhalid\.m2\repository\org\codehaus\groovy\groovy-test-junit5\3.0.0-alpha-4\groovy-test-junit5-3.0.0-alpha-4.jar;C:\Users\owaiskhalid\.m2\repository\org\junit\platform\junit-platform-launcher\1.3.2\junit-platform-launcher-1.3.2.jar;C:\Users\owaiskhalid\.m2\repository\org\apiguardian\apiguardian-api\1.0.0\apiguardian-api-1.0.0.jar;C:\Users\owaiskhalid\.m2\repository\org\junit\platform\junit-platform-engine\1.3.2\junit-platform-engine-1.3.2.jar;C:\Users\owaiskhalid\.m2\repository\org\junit\platform\junit-platform-commons\1.3.2\junit-platform-commons-1.3.2.jar;C:\Users\owaiskhalid\.m2\repository\org\opentest4j\opentest4j\1.1.1\opentest4j-1.1.1.jar;C:\Users\owaiskhalid\.m2\repository\org\junit\jupiter\junit-jupiter-engine\5.3.2\junit-jupiter-engine-5.3.2.jar;C:\Users\owaiskhalid\.m2\repository\org\junit\jupiter\junit-jupiter-api\5.3.2\junit-jupiter-api-5.3.2.jar;C:\Users\owaiskhalid\.m2\repository\org\codehaus\groovy\groovy-testng\3.0.0-alpha-4\groovy-testng-3.0.0-alpha-4.jar;C:\Users\owaiskhalid\.m2\repository\org\codehaus\groovy\groovy-xml\3.0.0-alpha-4\groovy-xml-3.0.0-alpha-4.jar;C:\Users\owaiskhalid\.m2\repository\org\passay\passay\1.3.1\passay-1.3.1.jar;C:\Users\owaiskhalid\.m2\repository\io\rest-assured\json-path\4.2.0\json-path-4.2.0.jar;C:\Users\owaiskhalid\.m2\repository\io\rest-assured\rest-assured-common\4.2.0\rest-assured-common-4.2.0.jar;C:\Users\owaiskhalid\.m2\repository\com\fasterxml\jackson\core\jackson-databind\2.13.3\jackson-databind-2.13.3.jar;C:\Users\owaiskhalid\.m2\repository\com\fasterxml\jackson\core\jackson-annotations\2.13.3\jackson-annotations-2.13.3.jar;C:\Users\owaiskhalid\.m2\repository\com\fasterxml\jackson\core\jackson-core\2.13.3\jackson-core-2.13.3.jar;C:\Users\owaiskhalid\.m2\repository\com\github\javafaker\javafaker\0.12\javafaker-0.12.jar;C:\Users\owaiskhalid\.m2\repository\org\apache\commons\commons-lang3\3.5\commons-lang3-3.5.jar;C:\Users\owaiskhalid\.m2\repository\com\github\mifmif\generex\1.0.2\generex-1.0.2.jar;C:\Users\owaiskhalid\.m2\repository\dk\brics\automaton\automaton\1.11-8\automaton-1.11-8.jar;C:\Users\owaiskhalid\.m2\repository\junit\junit\4.10\junit-4.10.jar;C:\Users\owaiskhalid\.m2\repository\org\hamcrest\hamcrest-core\1.1\hamcrest-core-1.1.jar;C:\Users\owaiskhalid\.m2\repository\org\hamcrest\hamcrest-all\1.3\hamcrest-all-1.3.jar;C:\Users\owaiskhalid\.m2\repository\org\testng\testng\6.14.3\testng-6.14.3.jar;C:\Users\owaiskhalid\.m2\repository\com\beust\jcommander\1.72\jcommander-1.72.jar;C:\Users\owaiskhalid\.m2\repository\org\apache-extras\beanshell\bsh\2.0b6\bsh-2.0b6.jar;C:\Users\owaiskhalid\.m2\repository\org\json\json\20180130\json-20180130.jar;C:\Users\owaiskhalid\.m2\repository\io\rest-assured\rest-assured\3.3.0\rest-assured-3.3.0.jar;C:\Users\owaiskhalid\.m2\repository\org\apache\httpcomponents\httpclient\4.5.3\httpclient-4.5.3.jar;C:\Users\owaiskhalid\.m2\repository\org\apache\httpcomponents\httpcore\4.4.6\httpcore-4.4.6.jar;C:\Users\owaiskhalid\.m2\repository\commons-logging\commons-logging\1.2\commons-logging-1.2.jar;C:\Users\owaiskhalid\.m2\repository\commons-codec\commons-codec\1.9\commons-codec-1.9.jar;C:\Users\owaiskhalid\.m2\repository\org\apache\httpcomponents\httpmime\4.5.3\httpmime-4.5.3.jar;C:\Users\owaiskhalid\.m2\repository\org\hamcrest\hamcrest-library\1.3\hamcrest-library-1.3.jar;C:\Users\owaiskhalid\.m2\repository\org\ccil\cowan\tagsoup\tagsoup\1.2.1\tagsoup-1.2.1.jar;C:\Users\owaiskhalid\.m2\repository\io\rest-assured\xml-path\3.3.0\xml-path-3.3.0.jar;C:\Users\owaiskhalid\.m2\repository\io\rest-assured\rest-assured-all\3.3.0\rest-assured-all-3.3.0.jar;C:\Users\owaiskhalid\.m2\repository\javax\xml\bind\jaxb-api\2.2.12\jaxb-api-2.2.12.jar;C:\Users\owaiskhalid\.m2\repository\com\sun\xml\bind\jaxb-osgi\2.2.10\jaxb-osgi-2.2.10.jar;C:\Users\owaiskhalid\.m2\repository\org\apache\sling\org.apache.sling.javax.activation\0.1.0\org.apache.sling.javax.activation-0.1.0.jar;C:\Users\owaiskhalid\.m2\repository\javax\activation\activation\1.1.1\activation-1.1.1.jar;C:\Users\owaiskhalid\.m2\repository\com\googlecode\json-simple\json-simple\1.1.1\json-simple-1.1.1.jar;C:\Users\owaiskhalid\.m2\repository\com\aventstack\extentreports\3.1.5\extentreports-3.1.5.jar;C:\Users\owaiskhalid\.m2\repository\org\freemarker\freemarker\2.3.23\freemarker-2.3.23.jar;C:\Users\owaiskhalid\.m2\repository\org\mongodb\mongodb-driver\3.3.0\mongodb-driver-3.3.0.jar;C:\Users\owaiskhalid\.m2\repository\org\mongodb\bson\3.3.0\bson-3.3.0.jar;C:\Users\owaiskhalid\.m2\repository\org\mongodb\mongodb-driver-core\3.3.0\mongodb-driver-core-3.3.0.jar;C:\Users\owaiskhalid\.m2\repository\org\jsoup\jsoup\1.9.2\jsoup-1.9.2.jar;C:\Users\owaiskhalid\.m2\repository\com\google\code\gson\gson\2.8.0\gson-2.8.0.jar;C:\Users\owaiskhalid\.m2\repository\org\projectlombok\lombok\1.18.22\lombok-1.18.22.jar;"/>
    <property name="java.vm.vendor" value="Oracle Corporation"/>
    <property name="sun.arch.data.model" value="64"/>
    <property name="user.variant" value=""/>
    <property name="java.vendor.url" value="https://openjdk.java.net/"/>
    <property name="user.timezone" value="Asia/Karachi"/>
    <property name="java.vm.specification.version" value="11"/>
    <property name="os.name" value="Windows 10"/>
    <property name="sun.java.launcher" value="SUN_STANDARD"/>
    <property name="user.country" value="US"/>
    <property name="sun.boot.library.path" value="C:\Program Files\Java\jdk-11.0.13\bin"/>
    <property name="sun.java.command" value="C:\Users\OWAISK~1\AppData\Local\Temp\surefire8774934494504928061\surefirebooter5241047802610003446.jar C:\Users\owaiskhalid\AppData\Local\Temp\surefire8774934494504928061 2022-09-30T20-15-49_774-jvmRun1 surefire17039448321754759404tmp surefire_02571569964370168207tmp"/>
    <property name="jdk.debug" value="release"/>
    <property name="surefire.test.class.path" value="C:\Users\owaiskhalid\Desktop\PayconiqFinal\spritecloud\target\test-classes;C:\Users\owaiskhalid\Desktop\PayconiqFinal\spritecloud\target\classes;C:\Users\owaiskhalid\.m2\repository\mysql\mysql-connector-java\5.1.38\mysql-connector-java-5.1.38.jar;C:\Users\owaiskhalid\.m2\repository\org\codehaus\groovy\groovy\3.0.0-alpha-4\groovy-3.0.0-alpha-4.jar;C:\Users\owaiskhalid\.m2\repository\org\codehaus\groovy\groovy-ant\3.0.0-alpha-4\groovy-ant-3.0.0-alpha-4.jar;C:\Users\owaiskhalid\.m2\repository\org\apache\ant\ant\1.10.5\ant-1.10.5.jar;C:\Users\owaiskhalid\.m2\repository\org\apache\ant\ant-junit\1.10.5\ant-junit-1.10.5.jar;C:\Users\owaiskhalid\.m2\repository\org\apache\ant\ant-launcher\1.10.5\ant-launcher-1.10.5.jar;C:\Users\owaiskhalid\.m2\repository\org\apache\ant\ant-antlr\1.10.5\ant-antlr-1.10.5.jar;C:\Users\owaiskhalid\.m2\repository\org\codehaus\groovy\groovy-cli-picocli\3.0.0-alpha-4\groovy-cli-picocli-3.0.0-alpha-4.jar;C:\Users\owaiskhalid\.m2\repository\info\picocli\picocli\3.8.2\picocli-3.8.2.jar;C:\Users\owaiskhalid\.m2\repository\org\codehaus\groovy\groovy-console\3.0.0-alpha-4\groovy-console-3.0.0-alpha-4.jar;C:\Users\owaiskhalid\.m2\repository\org\codehaus\groovy\groovy-datetime\3.0.0-alpha-4\groovy-datetime-3.0.0-alpha-4.jar;C:\Users\owaiskhalid\.m2\repository\org\codehaus\groovy\groovy-docgenerator\3.0.0-alpha-4\groovy-docgenerator-3.0.0-alpha-4.jar;C:\Users\owaiskhalid\.m2\repository\com\thoughtworks\qdox\qdox\1.12.1\qdox-1.12.1.jar;C:\Users\owaiskhalid\.m2\repository\org\codehaus\groovy\groovy-groovydoc\3.0.0-alpha-4\groovy-groovydoc-3.0.0-alpha-4.jar;C:\Users\owaiskhalid\.m2\repository\org\codehaus\groovy\groovy-groovysh\3.0.0-alpha-4\groovy-groovysh-3.0.0-alpha-4.jar;C:\Users\owaiskhalid\.m2\repository\jline\jline\2.14.6\jline-2.14.6.jar;C:\Users\owaiskhalid\.m2\repository\org\codehaus\groovy\groovy-jmx\3.0.0-alpha-4\groovy-jmx-3.0.0-alpha-4.jar;C:\Users\owaiskhalid\.m2\repository\org\codehaus\groovy\groovy-json\3.0.0-alpha-4\groovy-json-3.0.0-alpha-4.jar;C:\Users\owaiskhalid\.m2\repository\org\codehaus\groovy\groovy-jsr223\3.0.0-alpha-4\groovy-jsr223-3.0.0-alpha-4.jar;C:\Users\owaiskhalid\.m2\repository\org\codehaus\groovy\groovy-macro\3.0.0-alpha-4\groovy-macro-3.0.0-alpha-4.jar;C:\Users\owaiskhalid\.m2\repository\org\codehaus\groovy\groovy-nio\3.0.0-alpha-4\groovy-nio-3.0.0-alpha-4.jar;C:\Users\owaiskhalid\.m2\repository\org\codehaus\groovy\groovy-servlet\3.0.0-alpha-4\groovy-servlet-3.0.0-alpha-4.jar;C:\Users\owaiskhalid\.m2\repository\org\codehaus\groovy\groovy-sql\3.0.0-alpha-4\groovy-sql-3.0.0-alpha-4.jar;C:\Users\owaiskhalid\.m2\repository\org\codehaus\groovy\groovy-swing\3.0.0-alpha-4\groovy-swing-3.0.0-alpha-4.jar;C:\Users\owaiskhalid\.m2\repository\org\codehaus\groovy\groovy-templates\3.0.0-alpha-4\groovy-templates-3.0.0-alpha-4.jar;C:\Users\owaiskhalid\.m2\repository\org\codehaus\groovy\groovy-test\3.0.0-alpha-4\groovy-test-3.0.0-alpha-4.jar;C:\Users\owaiskhalid\.m2\repository\org\codehaus\groovy\groovy-test-junit5\3.0.0-alpha-4\groovy-test-junit5-3.0.0-alpha-4.jar;C:\Users\owaiskhalid\.m2\repository\org\junit\platform\junit-platform-launcher\1.3.2\junit-platform-launcher-1.3.2.jar;C:\Users\owaiskhalid\.m2\repository\org\apiguardian\apiguardian-api\1.0.0\apiguardian-api-1.0.0.jar;C:\Users\owaiskhalid\.m2\repository\org\junit\platform\junit-platform-engine\1.3.2\junit-platform-engine-1.3.2.jar;C:\Users\owaiskhalid\.m2\repository\org\junit\platform\junit-platform-commons\1.3.2\junit-platform-commons-1.3.2.jar;C:\Users\owaiskhalid\.m2\repository\org\opentest4j\opentest4j\1.1.1\opentest4j-1.1.1.jar;C:\Users\owaiskhalid\.m2\repository\org\junit\jupiter\junit-jupiter-engine\5.3.2\junit-jupiter-engine-5.3.2.jar;C:\Users\owaiskhalid\.m2\repository\org\junit\jupiter\junit-jupiter-api\5.3.2\junit-jupiter-api-5.3.2.jar;C:\Users\owaiskhalid\.m2\repository\org\codehaus\groovy\groovy-testng\3.0.0-alpha-4\groovy-testng-3.0.0-alpha-4.jar;C:\Users\owaiskhalid\.m2\repository\org\codehaus\groovy\groovy-xml\3.0.0-alpha-4\groovy-xml-3.0.0-alpha-4.jar;C:\Users\owaiskhalid\.m2\repository\org\passay\passay\1.3.1\passay-1.3.1.jar;C:\Users\owaiskhalid\.m2\repository\io\rest-assured\json-path\4.2.0\json-path-4.2.0.jar;C:\Users\owaiskhalid\.m2\repository\io\rest-assured\rest-assured-common\4.2.0\rest-assured-common-4.2.0.jar;C:\Users\owaiskhalid\.m2\repository\com\fasterxml\jackson\core\jackson-databind\2.13.3\jackson-databind-2.13.3.jar;C:\Users\owaiskhalid\.m2\repository\com\fasterxml\jackson\core\jackson-annotations\2.13.3\jackson-annotations-2.13.3.jar;C:\Users\owaiskhalid\.m2\repository\com\fasterxml\jackson\core\jackson-core\2.13.3\jackson-core-2.13.3.jar;C:\Users\owaiskhalid\.m2\repository\com\github\javafaker\javafaker\0.12\javafaker-0.12.jar;C:\Users\owaiskhalid\.m2\repository\org\apache\commons\commons-lang3\3.5\commons-lang3-3.5.jar;C:\Users\owaiskhalid\.m2\repository\com\github\mifmif\generex\1.0.2\generex-1.0.2.jar;C:\Users\owaiskhalid\.m2\repository\dk\brics\automaton\automaton\1.11-8\automaton-1.11-8.jar;C:\Users\owaiskhalid\.m2\repository\junit\junit\4.10\junit-4.10.jar;C:\Users\owaiskhalid\.m2\repository\org\hamcrest\hamcrest-core\1.1\hamcrest-core-1.1.jar;C:\Users\owaiskhalid\.m2\repository\org\hamcrest\hamcrest-all\1.3\hamcrest-all-1.3.jar;C:\Users\owaiskhalid\.m2\repository\org\testng\testng\6.14.3\testng-6.14.3.jar;C:\Users\owaiskhalid\.m2\repository\com\beust\jcommander\1.72\jcommander-1.72.jar;C:\Users\owaiskhalid\.m2\repository\org\apache-extras\beanshell\bsh\2.0b6\bsh-2.0b6.jar;C:\Users\owaiskhalid\.m2\repository\org\json\json\20180130\json-20180130.jar;C:\Users\owaiskhalid\.m2\repository\io\rest-assured\rest-assured\3.3.0\rest-assured-3.3.0.jar;C:\Users\owaiskhalid\.m2\repository\org\apache\httpcomponents\httpclient\4.5.3\httpclient-4.5.3.jar;C:\Users\owaiskhalid\.m2\repository\org\apache\httpcomponents\httpcore\4.4.6\httpcore-4.4.6.jar;C:\Users\owaiskhalid\.m2\repository\commons-logging\commons-logging\1.2\commons-logging-1.2.jar;C:\Users\owaiskhalid\.m2\repository\commons-codec\commons-codec\1.9\commons-codec-1.9.jar;C:\Users\owaiskhalid\.m2\repository\org\apache\httpcomponents\httpmime\4.5.3\httpmime-4.5.3.jar;C:\Users\owaiskhalid\.m2\repository\org\hamcrest\hamcrest-library\1.3\hamcrest-library-1.3.jar;C:\Users\owaiskhalid\.m2\repository\org\ccil\cowan\tagsoup\tagsoup\1.2.1\tagsoup-1.2.1.jar;C:\Users\owaiskhalid\.m2\repository\io\rest-assured\xml-path\3.3.0\xml-path-3.3.0.jar;C:\Users\owaiskhalid\.m2\repository\io\rest-assured\rest-assured-all\3.3.0\rest-assured-all-3.3.0.jar;C:\Users\owaiskhalid\.m2\repository\javax\xml\bind\jaxb-api\2.2.12\jaxb-api-2.2.12.jar;C:\Users\owaiskhalid\.m2\repository\com\sun\xml\bind\jaxb-osgi\2.2.10\jaxb-osgi-2.2.10.jar;C:\Users\owaiskhalid\.m2\repository\org\apache\sling\org.apache.sling.javax.activation\0.1.0\org.apache.sling.javax.activation-0.1.0.jar;C:\Users\owaiskhalid\.m2\repository\javax\activation\activation\1.1.1\activation-1.1.1.jar;C:\Users\owaiskhalid\.m2\repository\com\googlecode\json-simple\json-simple\1.1.1\json-simple-1.1.1.jar;C:\Users\owaiskhalid\.m2\repository\com\aventstack\extentreports\3.1.5\extentreports-3.1.5.jar;C:\Users\owaiskhalid\.m2\repository\org\freemarker\freemarker\2.3.23\freemarker-2.3.23.jar;C:\Users\owaiskhalid\.m2\repository\org\mongodb\mongodb-driver\3.3.0\mongodb-driver-3.3.0.jar;C:\Users\owaiskhalid\.m2\repository\org\mongodb\bson\3.3.0\bson-3.3.0.jar;C:\Users\owaiskhalid\.m2\repository\org\mongodb\mongodb-driver-core\3.3.0\mongodb-driver-core-3.3.0.jar;C:\Users\owaiskhalid\.m2\repository\org\jsoup\jsoup\1.9.2\jsoup-1.9.2.jar;C:\Users\owaiskhalid\.m2\repository\com\google\code\gson\gson\2.8.0\gson-2.8.0.jar;C:\Users\owaiskhalid\.m2\repository\org\projectlombok\lombok\1.18.22\lombok-1.18.22.jar;"/>
    <property name="sun.cpu.endian" value="little"/>
    <property name="user.home" value="C:\Users\owaiskhalid"/>
    <property name="user.language" value="en"/>
    <property name="java.specification.vendor" value="Oracle Corporation"/>
    <property name="java.version.date" value="2021-10-19"/>
    <property name="java.home" value="C:\Program Files\Java\jdk-11.0.13"/>
    <property name="file.separator" value="\"/>
    <property name="basedir" value="C:\Users\owaiskhalid\Desktop\PayconiqFinal\spritecloud"/>
    <property name="java.vm.compressedOopsMode" value="Zero based"/>
    <property name="line.separator" value="&#10;"/>
    <property name="java.specification.name" value="Java Platform API Specification"/>
    <property name="java.vm.specification.vendor" value="Oracle Corporation"/>
    <property name="java.awt.graphicsenv" value="sun.awt.Win32GraphicsEnvironment"/>
    <property name="surefire.real.class.path" value="C:\Users\OWAISK~1\AppData\Local\Temp\surefire8774934494504928061\surefirebooter5241047802610003446.jar"/>
    <property name="user.script" value=""/>
    <property name="sun.management.compiler" value="HotSpot 64-Bit Tiered Compilers"/>
    <property name="java.runtime.version" value="11.0.13+10-LTS-370"/>
    <property name="user.name" value="Owaiskhalid"/>
    <property name="path.separator" value=";"/>
    <property name="os.version" value="10.0"/>
    <property name="java.runtime.name" value="Java(TM) SE Runtime Environment"/>
    <property name="file.encoding" value="Cp1252"/>
    <property name="java.vm.name" value="Java HotSpot(TM) 64-Bit Server VM"/>
    <property name="java.vendor.version" value="18.9"/>
    <property name="localRepository" value="C:\Users\owaiskhalid\.m2\repository"/>
    <property name="java.vendor.url.bug" value="https://bugreport.java.com/bugreport/"/>
    <property name="java.io.tmpdir" value="C:\Users\OWAISK~1\AppData\Local\Temp\"/>
    <property name="java.version" value="11.0.13"/>
    <property name="user.dir" value="C:\Users\owaiskhalid\Desktop\PayconiqFinal\spritecloud"/>
    <property name="os.arch" value="amd64"/>
    <property name="java.vm.specification.name" value="Java Virtual Machine Specification"/>
    <property name="java.awt.printerjob" value="sun.awt.windows.WPrinterJob"/>
    <property name="sun.os.patch.level" value=""/>
    <property name="java.library.path" value="C:\Program Files\Java\jdk-11.0.13\bin;C:\Windows\Sun\Java\bin;C:\Windows\system32;C:\Windows;C:\Program Files\Common Files\Oracle\Java\javapath;C:\Program Files (x86)\Common Files\Oracle\Java\javapath;C:\Windows\system32;C:\Windows;C:\Windows\System32\Wbem;C:\Windows\System32\WindowsPowerShell\v1.0\;C:\Windows\System32\OpenSSH\;C:\Program Files\PuTTY\;C:\Program Files\Docker\Docker\resources\bin;C:\ProgramData\DockerDesktop\version-bin;C:\Program Files\apache-maven-3.8.4\bin;C:\Program Files\Java\jdk-11.0.13\bin;C:\Users\owaiskhalid\Downloads\apache-tomcat-8.5.75-src\bin;C:\Users\owaiskhalid\Desktop\gatling\gatling-charts-highcharts-bundle-3.8.2\bin;C:\Users\owaiskhalid\AppData\Local\Microsoft\WindowsApps;C:\Users\owaiskhalid\AppData\Local\Programs\Git\cmd;."/>
    <property name="java.vendor" value="Oracle Corporation"/>
    <property name="java.vm.info" value="mixed mode"/>
    <property name="java.vm.version" value="11.0.13+10-LTS-370"/>
    <property name="sun.io.unicode.encoding" value="UnicodeLittle"/>
    <property name="java.class.version" value="55.0"/>
  </properties>
  <testcase name="initialize" classname="com.pay.workflows.regression" time="0.006"/>
  <testcase name="user" classname="com.pay.workflows.regression" time="3.451"/>
  <testcase name="update_user" classname="com.pay.workflows.regression" time="1.663"/>
  <testcase name="get_user_details" classname="com.pay.workflows.regression" time="1.903"/>
  <testcase name="user_login" classname="com.pay.workflows.regression" time="2.365"/>
  <testcase name="user_logout" classname="com.pay.workflows.regression" time="1.37"/>
</testsuite>