<?xml version="1.0" encoding="UTF-8"?>
<!-- Generated by org.testng.reporters.JUnitReportReporter -->
<testsuite hostname="DESKTOP-TBHPIG9" failures="0" tests="4" name="com.simpaisa.workflows.TestFlow" time="0.796" errors="0" timestamp="17 Feb 2022 11:54:42 GMT" skipped="2">
  <testcase classname="com.simpaisa.workflows.TestFlow" name="initialize" time="0.001"/>
  <testcase classname="com.simpaisa.workflows.TestFlow" name="make_transasction_wifi" time="0.795"/>
  <testcase classname="com.simpaisa.workflows.TestFlow" name="displayResponses">
    <skipped/>
  </testcase> <!-- displayResponses -->
  <testcase classname="com.simpaisa.workflows.TestFlow" name="resetParams">
    <skipped/>
  </testcase> <!-- resetParams -->
</testsuite> <!-- com.simpaisa.workflows.TestFlow -->
