<?xml version="1.0" encoding="UTF-8"?>
<!-- Generated by org.testng.reporters.JUnitReportReporter -->
<testsuite hostname="DESKTOP-TBHPIG9" failures="0" tests="7" name="com.pay.workflows.regression" time="10.746" errors="0" timestamp="30 Sep 2022 15:16:02 GMT" skipped="1">
  <testcase classname="com.pay.workflows.regression" name="initialize" time="0.005"/>
  <testcase classname="com.pay.workflows.regression" name="user" time="3.446"/>
  <testcase classname="com.pay.workflows.regression" name="update_user" time="1.656"/>
  <testcase classname="com.pay.workflows.regression" name="get_user_details" time="1.904"/>
  <testcase classname="com.pay.workflows.regression" name="user_login" time="2.367"/>
  <testcase classname="com.pay.workflows.regression" name="user_logout" time="1.368"/>
  <testcase classname="com.pay.workflows.regression" name="displayResponses">
    <skipped/>
  </testcase> <!-- displayResponses -->
</testsuite> <!-- com.pay.workflows.regression -->
